<?xml version="1.0" encoding="UTF-8"?>
<testsuite xmlns:xsi="http://www.w3.org/2001/XMLSchema-instance" xsi:noNamespaceSchemaLocation="https://maven.apache.org/surefire/maven-surefire-plugin/xsd/surefire-test-report-3.0.xsd" version="3.0" name="com.dhanesh.calcolatricetest.CalocolatriceTest" time="0.097" tests="5" errors="0" skipped="0" failures="0">
  <properties>
[...]
</properties>
  <testcase name="sottrazioneTest" classname="com.dhanesh.calcolatricetest.CalocolatriceTest" time="0.048"/>
  <testcase name="potenzaTest" classname="com.dhanesh.calcolatricetest.CalocolatriceTest" time="0.003"/>
  <testcase name="sommaTest" classname="com.dhanesh.calcolatricetest.CalocolatriceTest" time="0.003"/>
  <testcase name="divisioneTest" classname="com.dhanesh.calcolatricetest.CalocolatriceTest" time="0.004"/>
  <testcase name="mediaTest" classname="com.dhanesh.calcolatricetest.CalocolatriceTest" time="0.001"/>
</testsuite>